TASM 6502 Assembler.    Version 3.1  February, 1998.
Copyright (C) 1998 Squak Valley Software
tasm: pass 1 complete.
ERROR: ./tw_test.asm  line 1705: CTEXT directive requires a custom text file to be defined in the command line. (paux)
ERROR: ./tw_test.asm  line 1706: CTEXT directive requires a custom text file to be defined in the command line. (prshld)
ERROR: ./tw_test.asm  line 1707: CTEXT directive requires a custom text file to be defined in the command line. (pfire)
ERROR: ./tw_test.asm  line 1708: CTEXT directive requires a custom text file to be defined in the command line. (pshield)
ERROR: ./tw_test.asm  line 1709: CTEXT directive requires a custom text file to be defined in the command line. (gtest)
ERROR: ./tw_test.asm  line 1710: CTEXT directive requires a custom text file to be defined in the command line. (atest)
ERROR: ./tw_test.asm  line 1711: CTEXT directive requires a custom text file to be defined in the command line. (gmstat)
ERROR: ./tw_test.asm  line 1712: CTEXT directive requires a custom text file to be defined in the command line. (inpout)
ERROR: ./tw_test.asm  line 1713: CTEXT directive requires a custom text file to be defined in the command line. (warpt)
ERROR: ./tw_test.asm  line 1714: CTEXT directive requires a custom text file to be defined in the command line. (act1pg)
ERROR: ./tw_test.asm  line 1715: CTEXT directive requires a custom text file to be defined in the command line. (act2pg)
ERROR: ./tw_test.asm  line 1716: CTEXT directive requires a custom text file to be defined in the command line. (actwrps)
ERROR: ./tw_test.asm  line 1717: CTEXT directive requires a custom text file to be defined in the command line. (actxliv)
ERROR: ./tw_test.asm  line 1718: CTEXT directive requires a custom text file to be defined in the command line. (avggtim)
ERROR: ./tw_test.asm  line 1719: CTEXT directive requires a custom text file to be defined in the command line. (rstaths)
ERROR: ./tw_test.asm  line 1720: CTEXT directive requires a custom text file to be defined in the command line. (rstatgs)
ERROR: ./tw_test.asm  line 1721: CTEXT directive requires a custom text file to be defined in the command line. (rstatop)
ERROR: ./tw_test.asm  line 1724: CTEXT directive requires a custom text file to be defined in the command line. (soundof)
ERROR: ./tw_test.asm  line 1725: CTEXT directive requires a custom text file to be defined in the command line. (soundn)
ERROR: ./tw_test.asm  line 1726: CTEXT directive requires a custom text file to be defined in the command line. (testra)
ERROR: ./tw_test.asm  line 1727: CTEXT directive requires a custom text file to be defined in the command line. (testro)
ERROR: ./tw_test.asm  line 1728: CTEXT directive requires a custom text file to be defined in the command line. (rammain)
ERROR: ./tw_test.asm  line 1729: CTEXT directive requires a custom text file to be defined in the command line. (ramswap)
ERROR: ./tw_test.asm  line 1730: CTEXT directive requires a custom text file to be defined in the command line. (vectral)
ERROR: ./tw_test.asm  line 1731: CTEXT directive requires a custom text file to be defined in the command line. (vectrah)
ERROR: ./tw_test.asm  line 1732: CTEXT directive requires a custom text file to be defined in the command line. (ramcomm)
ERROR: ./tw_test.asm  line 1733: CTEXT directive requires a custom text file to be defined in the command line. (mpass)
ERROR: ./tw_test.asm  line 1734: CTEXT directive requires a custom text file to be defined in the command line. (mfail)
ERROR: ./tw_test.asm  line 1735: CTEXT directive requires a custom text file to be defined in the command line. (mnotuse)
ERROR: ./tw_test.asm  line 1736: CTEXT directive requires a custom text file to be defined in the command line. (romlow)
ERROR: ./tw_test.asm  line 1737: CTEXT directive requires a custom text file to be defined in the command line. (romhig)
ERROR: ./tw_test.asm  line 1738: CTEXT directive requires a custom text file to be defined in the command line. (rompg0)
ERROR: ./tw_test.asm  line 1739: CTEXT directive requires a custom text file to be defined in the command line. (rompg1)
ERROR: ./tw_test.asm  line 1740: CTEXT directive requires a custom text file to be defined in the command line. (rompg2)
ERROR: ./tw_test.asm  line 1741: CTEXT directive requires a custom text file to be defined in the command line. (rompg3)
ERROR: ./tw_test.asm  line 1742: CTEXT directive requires a custom text file to be defined in the command line. (rompg4)
ERROR: ./tw_test.asm  line 1743: CTEXT directive requires a custom text file to be defined in the command line. (rompg5)
ERROR: ./tw_test.asm  line 1744: CTEXT directive requires a custom text file to be defined in the command line. (rompg6)
ERROR: ./tw_test.asm  line 1745: CTEXT directive requires a custom text file to be defined in the command line. (rompg7)
ERROR: ./tw_test.asm  line 1746: CTEXT directive requires a custom text file to be defined in the command line. (vectrom)
ERROR: ./tw_test.asm  line 1747: CTEXT directive requires a custom text file to be defined in the command line. (vectro0)
ERROR: ./tw_test.asm  line 1748: CTEXT directive requires a custom text file to be defined in the command line. (vectro1)
ERROR: ./tw_test.asm  line 1749: CTEXT directive requires a custom text file to be defined in the command line. (vectro2)
ERROR: ./tw_test.asm  line 1750: CTEXT directive requires a custom text file to be defined in the command line. (vectro3)
ERROR: ./tw_test.asm  line 1751: CTEXT directive requires a custom text file to be defined in the command line. (vermiss)
ERROR: ./tw_test.asm  line 1752: CTEXT directive requires a custom text file to be defined in the command line. (testgde)
ERROR: ./tw_test.asm  line 1753: CTEXT directive requires a custom text file to be defined in the command line. (gammram)
ERROR: ./tw_test.asm  line 1754: CTEXT directive requires a custom text file to be defined in the command line. (gammrom)
ERROR: ./tw_test.asm  line 1755: CTEXT directive requires a custom text file to be defined in the command line. (gammpok)
ERROR: ./tw_test.asm  line 1756: CTEXT directive requires a custom text file to be defined in the command line. (gammeer)
ERROR: ./tw_test.asm  line 1757: CTEXT directive requires a custom text file to be defined in the command line. (gamcmd)
ERROR: ./tw_test.asm  line 1758: CTEXT directive requires a custom text file to be defined in the command line. (warpr)
ERROR: ./tw_test.asm  line 1759: CTEXT directive requires a custom text file to be defined in the command line. (warpy)
ERROR: ./tw_test.asm  line 1760: CTEXT directive requires a custom text file to be defined in the command line. (warpg)
ERROR: ./tw_test.asm  line 1761: CTEXT directive requires a custom text file to be defined in the command line. (warpa)
ERROR: ./tw_test.asm  line 1762: CTEXT directive requires a custom text file to be defined in the command line. (warpb)
ERROR: ./tw_test.asm  line 1763: CTEXT directive requires a custom text file to be defined in the command line. (warpp)
ERROR: ./tw_test.asm  line 1764: CTEXT directive requires a custom text file to be defined in the command line. (warpk)
ERROR: ./tw_test.asm  line 1766: CTEXT directive requires a custom text file to be defined in the command line. (warp)
ERROR: ./tw_test.asm  line 1767: CTEXT directive requires a custom text file to be defined in the command line. (warpc)
ERROR: ./tw_test.asm  line 1768: CTEXT directive requires a custom text file to be defined in the command line. (warpn)
ERROR: ./tw_test.asm  line 1769: CTEXT directive requires a custom text file to be defined in the command line. (gamad)
ERROR: ./tw_test.asm  line 1771: CTEXT directive requires a custom text file to be defined in the command line. (gsetts)
ERROR: ./tw_test.asm  line 1779: CTEXT directive requires a custom text file to be defined in the command line. (cfree)
ERROR: ./tw_test.asm  line 1780: CTEXT directive requires a custom text file to be defined in the command line. (c1p1)
ERROR: ./tw_test.asm  line 1781: CTEXT directive requires a custom text file to be defined in the command line. (c1p2)
ERROR: ./tw_test.asm  line 1782: CTEXT directive requires a custom text file to be defined in the command line. (c2p1)
ERROR: ./tw_test.asm  line 1784: CTEXT directive requires a custom text file to be defined in the command line. (livem)
ERROR: ./tw_test.asm  line 1785: CTEXT directive requires a custom text file to be defined in the command line. (actc)
ERROR: ./tw_test.asm  line 1786: CTEXT directive requires a custom text file to be defined in the command line. (actd)
ERROR: ./tw_test.asm  line 1787: CTEXT directive requires a custom text file to be defined in the command line. (acte)
ERROR: ./tw_test.asm  line 1788: CTEXT directive requires a custom text file to be defined in the command line. (actf)
ERROR: ./tw_test.asm  line 1789: CTEXT directive requires a custom text file to be defined in the command line. (bon50)
ERROR: ./tw_test.asm  line 1790: CTEXT directive requires a custom text file to be defined in the command line. (bon100)
ERROR: ./tw_test.asm  line 1791: CTEXT directive requires a custom text file to be defined in the command line. (bon200)
ERROR: ./tw_test.asm  line 1792: CTEXT directive requires a custom text file to be defined in the command line. (bonno)
ERROR: ./tw_test.asm  line 1793: CTEXT directive requires a custom text file to be defined in the command line. (addon)
ERROR: ./tw_test.asm  line 1794: CTEXT directive requires a custom text file to be defined in the command line. (addoff)
ERROR: ./tw_test.asm  line 1795: CTEXT directive requires a custom text file to be defined in the command line. (sndon)
ERROR: ./tw_test.asm  line 1796: CTEXT directive requires a custom text file to be defined in the command line. (sndoff)
ERROR: ./tw_test.asm  line 1798: CTEXT directive requires a custom text file to be defined in the command line. (lddips)
ERROR: ./tw_test.asm  line 1799: CTEXT directive requires a custom text file to be defined in the command line. (firesel)
ERROR: ./tw_test.asm  line 1800: CTEXT directive requires a custom text file to be defined in the command line. (rollsel)
ERROR: ./tw_test.asm  line 1801: CTEXT directive requires a custom text file to be defined in the command line. (pshelds)
ERROR: ./tw_test.asm  line 1802: CTEXT directive requires a custom text file to be defined in the command line. (wmsg1)
ERROR: ./tw_test.asm  line 1803: CTEXT directive requires a custom text file to be defined in the command line. (wmsg2)
ERROR: ./tw_test.asm  line 1804: CTEXT directive requires a custom text file to be defined in the command line. (wmsg3)
tasm: pass 2 complete.
tasm: Number of errors = 87
Elapsed time = 3.97 secs  lines = 21254   lines/sec = 5348
